<?xml version="1.0" encoding="UTF-8"?>
<!-- Generated by org.testng.reporters.JUnitReportReporter -->
<testsuite hostname="DSK-541" failures="0" tests="1" name="com.healthline.testscripts.EditorsPick" time="28.580" errors="0" timestamp="2021-03-31T10:48:36 IST" skipped="0">
  <testcase classname="com.healthline.testscripts.EditorsPick" name="f" time="28.580"/>
  <system-out/>
</testsuite> <!-- com.healthline.testscripts.EditorsPick -->
