<?xml version="1.0" encoding="UTF-8"?>
<!-- Generated by org.testng.reporters.JUnitReportReporter -->
<testsuite hostname="DSK-323" failures="0" tests="1" name="com.healthline.testscripts.TrendingPost" time="17.510" errors="0" timestamp="2021-04-02T10:06:15 IST" skipped="0">
  <testcase classname="com.healthline.testscripts.TrendingPost" name="trendingPostFunctionality" time="17.510"/>
  <system-out/>
</testsuite> <!-- com.healthline.testscripts.TrendingPost -->
