<?xml version="1.0" encoding="UTF-8"?>
<!-- Generated by org.testng.reporters.JUnitReportReporter -->
<testsuite hostname="DSK-323" failures="0" tests="1" name="com.healthline.testscripts.EditorsPick" time="28.777" errors="0" timestamp="2021-04-07T15:08:34 IST" skipped="0">
  <testcase classname="com.healthline.testscripts.EditorsPick" name="editorsPickWork" time="28.777"/>
  <system-out/>
</testsuite> <!-- com.healthline.testscripts.EditorsPick -->
