<?xml version="1.0" encoding="UTF-8"?>
<!-- Generated by org.testng.reporters.JUnitReportReporter -->
<testsuite hostname="DSK-323" failures="0" tests="1" name="com.healthline.testscripts.HealthTopics" time="40.990" errors="0" timestamp="2021-04-01T18:04:55 IST" skipped="0">
  <testcase classname="com.healthline.testscripts.HealthTopics" name="healthTopics" time="40.990"/>
  <system-out/>
</testsuite> <!-- com.healthline.testscripts.HealthTopics -->
