<?xml version="1.0" encoding="UTF-8"?>
<!-- Generated by org.testng.reporters.JUnitReportReporter -->
<testsuite hostname="DSK-658" failures="0" tests="1" name="com.automation.testscripts.BestSellers" time="17.406" errors="0" timestamp="2021-03-30T18:19:58 IST" skipped="0">
  <testcase classname="com.automation.testscripts.BestSellers" name="bestSellerFunctionality" time="17.406"/>
  <system-out/>
</testsuite> <!-- com.automation.testscripts.BestSellers -->
