<?xml version="1.0" encoding="UTF-8"?>
<!-- Generated by org.testng.reporters.JUnitReportReporter -->
<testsuite hostname="DSK-658" failures="0" tests="1" name="com.automation.testscripts.BestSellers" time="12.619" errors="0" timestamp="2021-03-31T10:43:37 IST" skipped="0">
  <testcase classname="com.automation.testscripts.BestSellers" name="bestSellerFunctionality" time="12.619"/>
  <system-out/>
</testsuite> <!-- com.automation.testscripts.BestSellers -->
