<?xml version="1.0" encoding="UTF-8"?>
<!-- Generated by org.testng.reporters.JUnitReportReporter -->
<testsuite hostname="DSK-658" failures="0" tests="1" name="com.healthline.testscripts.HealthTopics" time="31.251" errors="0" timestamp="2021-04-01T16:18:29 IST" skipped="0">
  <testcase classname="com.healthline.testscripts.HealthTopics" name="healthTopics" time="31.251"/>
  <system-out/>
</testsuite> <!-- com.healthline.testscripts.HealthTopics -->
