<?xml version="1.0" encoding="UTF-8"?>
<!-- Generated by org.testng.reporters.JUnitReportReporter -->
<testsuite hostname="DSK-323" failures="0" tests="1" name="com.healthline.testscripts.HealthlineLogo" time="10.065" errors="0" timestamp="2021-04-01T18:51:24 IST" skipped="0">
  <testcase classname="com.healthline.testscripts.HealthlineLogo" name="clickFunctionalityOfHealthlineLogo" time="10.065"/>
  <system-out/>
</testsuite> <!-- com.healthline.testscripts.HealthlineLogo -->
