<?xml version="1.0" encoding="UTF-8"?>
<!-- Generated by org.testng.reporters.JUnitReportReporter -->
<testsuite hostname="DSK-658" failures="0" tests="3" name="com.automation.testscripts.SignUp" time="69.884" errors="0" timestamp="2021-03-31T12:18:49 IST" skipped="0">
  <testcase classname="com.automation.testscripts.SignUp" name="invalidSignUp" time="23.567"/>
  <system-out/>
  <testcase classname="com.automation.testscripts.SignUp" name="emailIdExits" time="20.684"/>
  <system-out/>
  <testcase classname="com.automation.testscripts.SignUp" name="validSignUp" time="25.633"/>
  <system-out/>
</testsuite> <!-- com.automation.testscripts.SignUp -->
