<?xml version="1.0" encoding="UTF-8"?>
<!-- Generated by org.testng.reporters.JUnitReportReporter -->
<testsuite hostname="DSK-323" failures="0" tests="2" name="com.automation.testscripts.SignUp" time="28.430" errors="0" timestamp="2021-03-30T18:56:57 IST" skipped="0">
  <testcase classname="com.automation.testscripts.SignUp" name="invalidSignUp" time="17.223"/>
  <system-out/>
  <testcase classname="com.automation.testscripts.SignUp" name="emailIdExits" time="11.207"/>
  <system-out/>
</testsuite> <!-- com.automation.testscripts.SignUp -->
