<?xml version="1.0" encoding="UTF-8"?>
<!-- Generated by org.testng.reporters.JUnitReportReporter -->
<testsuite hostname="DSK-323" failures="0" tests="1" name="com.healthline.testscripts.FeaturedTopics" time="33.297" errors="0" timestamp="2021-04-07T15:17:38 IST" skipped="0">
  <testcase classname="com.healthline.testscripts.FeaturedTopics" name="featuredTopicsWork" time="33.297"/>
  <system-out/>
</testsuite> <!-- com.healthline.testscripts.FeaturedTopics -->
