<?xml version="1.0" encoding="UTF-8"?>
<!-- Generated by org.testng.reporters.JUnitReportReporter -->
<testsuite hostname="DSK-323" failures="0" tests="1" name="com.healthline.testscripts.FeaturedTopics" time="17.543" errors="0" timestamp="2021-04-01T14:29:15 IST" skipped="0">
  <testcase classname="com.healthline.testscripts.FeaturedTopics" name="featuredTopicsWork" time="17.543"/>
  <system-out/>
</testsuite> <!-- com.healthline.testscripts.FeaturedTopics -->
