<?xml version="1.0" encoding="UTF-8"?>
<!-- Generated by org.testng.reporters.JUnitReportReporter -->
<testsuite hostname="DSK-658" failures="0" tests="1" name="com.healthline.testscripts.EditorsPick" time="17.837" errors="0" timestamp="2021-04-01T16:50:20 IST" skipped="0">
  <testcase classname="com.healthline.testscripts.EditorsPick" name="editorsPickWork" time="17.837"/>
  <system-out/>
</testsuite> <!-- com.healthline.testscripts.EditorsPick -->
