<?xml version="1.0" encoding="UTF-8"?>
<!-- Generated by org.testng.reporters.JUnitReportReporter -->
<testsuite hostname="DSK-658" failures="0" tests="1" name="com.healthline.testscripts.Subscribe" time="5.944" errors="0" timestamp="2021-04-01T16:18:29 IST" skipped="0">
  <testcase classname="com.healthline.testscripts.Subscribe" name="subscribeFunctionality" time="5.944"/>
  <system-out/>
</testsuite> <!-- com.healthline.testscripts.Subscribe -->
