<?xml version="1.0" encoding="UTF-8"?>
<!-- Generated by org.testng.reporters.JUnitReportReporter -->
<testsuite hostname="DSK-323" failures="0" tests="1" name="com.healthline.testscripts.Subscribe" time="7.957" errors="0" timestamp="2021-04-01T19:21:53 IST" skipped="0">
  <testcase classname="com.healthline.testscripts.Subscribe" name="subscribeFunctionality" time="7.957"/>
  <system-out/>
</testsuite> <!-- com.healthline.testscripts.Subscribe -->
