<?xml version="1.0" encoding="UTF-8"?>
<!-- Generated by org.testng.reporters.JUnitReportReporter -->
<testsuite hostname="DSK-541" failures="0" tests="1" name="com.healthline.testscripts.FeaturedTopics" time="24.122" errors="0" timestamp="2021-03-31T13:24:15 IST" skipped="0">
  <testcase classname="com.healthline.testscripts.FeaturedTopics" name="featuredTopicsWork" time="24.122"/>
  <system-out/>
</testsuite> <!-- com.healthline.testscripts.FeaturedTopics -->
