<?xml version="1.0" encoding="UTF-8"?>
<!-- Generated by org.testng.reporters.JUnitReportReporter -->
<testsuite hostname="DSK-323" failures="0" tests="1" name="com.automation.testscripts.BestSellers" time="11.315" errors="0" timestamp="2021-04-01T14:01:27 IST" skipped="0">
  <testcase classname="com.automation.testscripts.BestSellers" name="bestSellerFunctionality" time="11.315"/>
  <system-out/>
</testsuite> <!-- com.automation.testscripts.BestSellers -->
