<?xml version="1.0" encoding="UTF-8"?>
<!-- Generated by org.testng.reporters.JUnitReportReporter -->
<testsuite hostname="DSK-658" failures="0" tests="3" name="com.automation.testscripts.SignUp" time="52.966" errors="0" timestamp="2021-03-31T10:43:37 IST" skipped="0">
  <testcase classname="com.automation.testscripts.SignUp" name="invalidSignUp" time="16.139"/>
  <system-out/>
  <testcase classname="com.automation.testscripts.SignUp" name="emailIdExits" time="17.073"/>
  <system-out/>
  <testcase classname="com.automation.testscripts.SignUp" name="validSignUp" time="19.754"/>
  <system-out/>
</testsuite> <!-- com.automation.testscripts.SignUp -->
