<?xml version="1.0" encoding="UTF-8"?>
<!-- Generated by org.testng.reporters.JUnitReportReporter -->
<testsuite hostname="DSK-541" failures="0" tests="1" name="com.healthline.testscripts.HealthTopics" time="44.834" errors="0" timestamp="2021-03-31T15:47:40 IST" skipped="0">
  <testcase classname="com.healthline.testscripts.HealthTopics" name="healthTopics" time="44.834"/>
  <system-out/>
</testsuite> <!-- com.healthline.testscripts.HealthTopics -->
