<?xml version="1.0" encoding="UTF-8"?>
<!-- Generated by org.testng.reporters.JUnitReportReporter -->
<testsuite hostname="DSK-323" failures="0" tests="2" name="com.healthline.testscripts.Subscribe" time="29.945" errors="0" timestamp="2021-04-06T10:55:04 IST" skipped="0">
  <testcase classname="com.healthline.testscripts.Subscribe" name="subscribeFunctionalityWithValidEmail" time="18.859"/>
  <system-out/>
  <testcase classname="com.healthline.testscripts.Subscribe" name="subscribeFunctionalityWithInvalidEmail" time="11.086"/>
  <system-out/>
</testsuite> <!-- com.healthline.testscripts.Subscribe -->
